<?xml version="1.0" encoding="UTF-8"?>
<!-- Generated by org.testng.reporters.JUnitReportReporter -->
<testsuite hostname="LAPTOP-LJH90VLQ" failures="0" tests="7" name="test.Demo3" time="0.031" errors="0" timestamp="2023-02-17T08:57:00 CST" skipped="1">
  <testcase classname="test.Demo3" name="MobileloginCarLoan" time="0.003"/>
  <system-out/>
  <testcase classname="test.Demo3" name="MobilesignoutCarLoan" time="0.002"/>
  <system-out/>
  <testcase classname="test.Demo3" name="MobilesigninarLoan" time="0.010"/>
  <system-out/>
  <testcase classname="test.Demo3" name="MobilesigninarLoan" time="0.001"/>
  <system-out/>
  <testcase classname="test.Demo3" name="MobilesigninarLoan" time="0.002"/>
  <system-out/>
  <testcase classname="test.Demo3" name="MobilecheckoutCarLoan" time="0.013"/>
  <system-out/>
  <testcase classname="test.Demo3" name="APILoginCarLoan">
    <skipped/>
  </testcase> <!-- APILoginCarLoan -->
  <system-out/>
</testsuite> <!-- test.Demo3 -->
