<?xml version="1.0" encoding="UTF-8"?>
<!-- Generated by org.testng.reporters.JUnitReportReporter -->
<testsuite hostname="LAPTOP-LJH90VLQ" failures="0" tests="3" name="test.Demo4" time="0.025" errors="0" timestamp="2023-02-17T08:57:00 CST" skipped="0">
  <testcase classname="test.Demo4" name="APILoginHomeLoan" time="0.003"/>
  <system-out/>
  <testcase classname="test.Demo4" name="MobileoginHomeLoan" time="0.018"/>
  <system-out/>
  <testcase classname="test.Demo4" name="WebLoginHomeLoan" time="0.004"/>
  <system-out/>
</testsuite> <!-- test.Demo4 -->
