<?xml version="1.0" encoding="UTF-8"?>
<!-- Generated by org.testng.reporters.JUnitReportReporter -->
<testsuite hostname="LAPTOP-LJH90VLQ" failures="0" tests="1" name="Demo1" time="0.021" errors="0" timestamp="2023-02-16T09:47:41 CST" skipped="0">
  <testcase classname="Demo1" name="test1" time="0.021"/>
  <system-out/>
</testsuite> <!-- Demo1 -->
