<?xml version="1.0" encoding="UTF-8"?>
<!-- Generated by org.testng.reporters.JUnitReportReporter -->
<testsuite hostname="LAPTOP-LJH90VLQ" failures="0" tests="1" name="test.Demo2" time="0.004" errors="0" timestamp="2023-02-17T08:57:00 CST" skipped="0">
  <testcase classname="test.Demo2" name="testDemo" time="0.004"/>
  <system-out/>
</testsuite> <!-- test.Demo2 -->
